This is pdfTeX, Version 3.14159265-2.6-1.40.21 (MiKTeX 20.6.29) (preloaded format=pdflatex 2020.10.14)  14 OCT 2020 13:12
entering extended mode
**"./LKM PD 6.tex"
("LKM PD 6.tex"
LaTeX2e <2020-02-02> patch level 5
L3 programming layer <2020-06-18>
("C:\Program Files\MiKTeX\tex/latex/base\article.cls"
Document Class: article 2019/12/20 v1.4l Standard LaTeX document class
("C:\Program Files\MiKTeX\tex/latex/base\size12.clo"
File: size12.clo 2019/12/20 v1.4l Standard LaTeX file (size option)
)
\c@part=\count167
\c@section=\count168
\c@subsection=\count169
\c@subsubsection=\count170
\c@paragraph=\count171
\c@subparagraph=\count172
\c@figure=\count173
\c@table=\count174
\abovecaptionskip=\skip47
\belowcaptionskip=\skip48
\bibindent=\dimen134
)
("C:\Program Files\MiKTeX\tex/latex/base\inputenc.sty"
Package: inputenc 2018/08/11 v1.3c Input encoding file
\inpenc@prehook=\toks15
\inpenc@posthook=\toks16
)
("C:\Program Files\MiKTeX\tex/latex/listings\listings.sty"
("C:\Program Files\MiKTeX\tex/latex/graphics\keyval.sty"
Package: keyval 2014/10/28 v1.15 key=value parser (DPC)
\KV@toks@=\toks17
)
\lst@mode=\count175
\lst@gtempboxa=\box45
\lst@token=\toks18
\lst@length=\count176
\lst@currlwidth=\dimen135
\lst@column=\count177
\lst@pos=\count178
\lst@lostspace=\dimen136
\lst@width=\dimen137
\lst@newlines=\count179
\lst@lineno=\count180
\lst@maxwidth=\dimen138

("C:\Program Files\MiKTeX\tex/latex/listings\lstmisc.sty"
File: lstmisc.sty 2020/03/24 1.8d (Carsten Heinz)
\c@lstnumber=\count181
\lst@skipnumbers=\count182
\lst@framebox=\box46
)
("C:\Program Files\MiKTeX\tex/latex/listings\listings.cfg"
File: listings.cfg 2020/03/24 1.8d listings configuration
))
Package: listings 2020/03/24 1.8d (Carsten Heinz)

("C:\Program Files\MiKTeX\tex/latex/xcolor\xcolor.sty"
Package: xcolor 2016/05/11 v2.12 LaTeX color extensions (UK)

("C:\Program Files\MiKTeX\tex/latex/graphics-cfg\color.cfg"
File: color.cfg 2016/01/02 v1.6 sample color configuration
)
Package xcolor Info: Driver file: pdftex.def on input line 225.

("C:\Program Files\MiKTeX\tex/latex/graphics-def\pdftex.def"
File: pdftex.def 2018/01/08 v1.0l Graphics/color driver for pdftex
)
Package xcolor Info: Model `cmy' substituted by `cmy0' on input line 1348.
Package xcolor Info: Model `hsb' substituted by `rgb' on input line 1352.
Package xcolor Info: Model `RGB' extended on input line 1364.
Package xcolor Info: Model `HTML' substituted by `rgb' on input line 1366.
Package xcolor Info: Model `Hsb' substituted by `hsb' on input line 1367.
Package xcolor Info: Model `tHsb' substituted by `hsb' on input line 1368.
Package xcolor Info: Model `HSB' substituted by `hsb' on input line 1369.
Package xcolor Info: Model `Gray' substituted by `gray' on input line 1370.
Package xcolor Info: Model `wave' substituted by `hsb' on input line 1371.
)
("C:\Program Files\MiKTeX\tex/latex/l3backend\l3backend-pdfmode.def"
File: l3backend-pdfmode.def 2020-06-29 L3 backend support: PDF mode
\l__kernel_color_stack_int=\count183
\l__pdf_internal_box=\box47
)
("LKM PD 6.aux")
\openout1 = `"LKM PD 6.aux"'.

LaTeX Font Info:    Checking defaults for OML/cmm/m/it on input line 36.
LaTeX Font Info:    ... okay on input line 36.
LaTeX Font Info:    Checking defaults for OMS/cmsy/m/n on input line 36.
LaTeX Font Info:    ... okay on input line 36.
LaTeX Font Info:    Checking defaults for OT1/cmr/m/n on input line 36.
LaTeX Font Info:    ... okay on input line 36.
LaTeX Font Info:    Checking defaults for T1/cmr/m/n on input line 36.
LaTeX Font Info:    ... okay on input line 36.
LaTeX Font Info:    Checking defaults for TS1/cmr/m/n on input line 36.
LaTeX Font Info:    ... okay on input line 36.
LaTeX Font Info:    Checking defaults for OMX/cmex/m/n on input line 36.
LaTeX Font Info:    ... okay on input line 36.
LaTeX Font Info:    Checking defaults for U/cmr/m/n on input line 36.
LaTeX Font Info:    ... okay on input line 36.
\c@lstlisting=\count184
 ("C:\Program Files\MiKTeX\tex/context/base/mkii\supp-pdf.mkii"
[Loading MPS to PDF converter (version 2006.09.02).]
\scratchcounter=\count185
\scratchdimen=\dimen139
\scratchbox=\box48
\nofMPsegments=\count186
\nofMParguments=\count187
\everyMPshowfont=\toks19
\MPscratchCnt=\count188
\MPscratchDim=\dimen140
\MPnumerator=\count189
\makeMPintoPDFobject=\count190
\everyMPtoPDFconversion=\toks20
)
LaTeX Font Info:    External font `cmex10' loaded for size
(Font)              <14.4> on input line 39.
LaTeX Font Info:    External font `cmex10' loaded for size
(Font)              <7> on input line 39.
 [1

{C:/Users/ASUS/AppData/Local/MiKTeX/pdftex/config/pdftex.map}] [1]
("LKM PD 6.aux") ) 
Here is how much of TeX's memory you used:
 2964 strings out of 480790
 39796 string characters out of 2907057
 287412 words of memory out of 3000000
 19015 multiletter control sequences out of 15000+200000
 535092 words of font info for 34 fonts, out of 3000000 for 9000
 1141 hyphenation exceptions out of 8191
 28i,6n,37p,190b,1094s stack positions out of 5000i,500n,10000p,200000b,50000s
<C:/Program Files/MiKTeX/fonts/type1/public/amsfonts/cm/cmbx1
2.pfb><C:/Program Files/MiKTeX/fonts/type1/public/amsfonts/cm/cmr12.pfb><C:/Pro
gram Files/MiKTeX/fonts/type1/public/amsfonts/cm/cmr17.pfb><C:/Program Files/Mi
KTeX/fonts/type1/public/amsfonts/cm/cmr6.pfb><C:/Program Files/MiKTeX/fonts/typ
e1/public/amsfonts/cm/cmtt10.pfb>
Output written on "LKM PD 6.pdf" (2 pages, 56901 bytes).
PDF statistics:
 29 PDF objects out of 1000 (max. 8388607)
 0 named destinations out of 1000 (max. 500000)
 1 words of extra memory for PDF output out of 10000 (max. 10000000)

